TN:
SF:/home/vinod/work/william/will-epoll/v4/main.c
FN:12,signal_handler
FN:17,should_i_quit
FN:22,onConnect
FN:27,onDataReceived
FN:47,onDisconnect
FN:52,onError
FN:57,houseKeeping
FN:62,usage
FN:68,main
FNDA:1,signal_handler
FNDA:43399,should_i_quit
FNDA:2,onConnect
FNDA:1000003,onDataReceived
FNDA:0,onDisconnect
FNDA:1,onError
FNDA:1,houseKeeping
FNDA:1,usage
FNDA:2,main
FNF:9
FNH:8
DA:12,1
DA:14,1
DA:15,1
DA:17,43399
DA:19,43399
DA:22,2
DA:24,2
DA:25,2
DA:27,1000003
DA:30,1000003
DA:33,2
DA:34,2
DA:37,1000000
DA:38,1000000
DA:39,1000000
DA:40,1000000
DA:43,1
DA:45,1000003
DA:47,0
DA:49,0
DA:50,0
DA:52,1
DA:54,1
DA:55,1
DA:57,1
DA:59,1
DA:60,1
DA:62,1
DA:64,1
DA:65,1
DA:68,2
DA:71,2
DA:72,2
DA:74,6
DA:75,3
DA:77,1
DA:78,1
DA:80,1
DA:81,1
DA:84,1
DA:87,1
DA:88,1
DA:89,1
DA:90,1
DA:91,1
DA:92,1
LF:46
LH:43
end_of_record
TN:
SF:/home/vinod/work/william/will-epoll/v4/client.c
FN:10,new_client
FN:32,mark_client_as_invalid
FN:57,free_client
FN:75,free_invalid_clients
FN:88,add_new_client_to_array
FN:97,find_client_by_id
FNDA:2,new_client
FNDA:3,mark_client_as_invalid
FNDA:1,free_client
FNDA:43398,free_invalid_clients
FNDA:2,add_new_client_to_array
FNDA:1000000,find_client_by_id
FNF:6
FNH:6
DA:10,2
DA:12,2
DA:13,2
DA:14,2
DA:15,2
DA:32,3
DA:36,3
DA:37,2
DA:39,1
DA:40,1
DA:41,1
DA:43,1
DA:44,1
DA:47,1
DA:48,1
DA:50,0
DA:52,1
DA:53,1
DA:54,1
DA:57,1
DA:59,1
DA:60,0
DA:62,1
DA:66,1
DA:68,1
DA:69,1
DA:71,1
DA:72,1
DA:75,43398
DA:77,43398
DA:79,43399
DA:80,1
DA:81,1
DA:82,1
DA:84,43398
DA:85,43398
DA:88,2
DA:90,2
DA:91,2
DA:92,2
DA:93,2
DA:95,2
DA:97,1000000
DA:99,1000000
LF:44
LH:42
end_of_record
TN:
SF:/home/vinod/work/william/will-epoll/v4/log.c
FN:9,set_log_level
FN:15,fill_time_string
FN:27,log_me
FNDA:1,set_log_level
FNDA:4520204,fill_time_string
FNDA:4520204,log_me
FNF:3
FNH:3
DA:9,1
DA:11,1
DA:12,1
DA:15,4520204
DA:20,4520204
DA:22,4520204
DA:23,4520204
DA:27,4520204
DA:31,4520204
DA:33,4520204
DA:35,4520204
DA:36,4520204
DA:37,4520204
DA:38,4520204
LF:14
LH:14
end_of_record
TN:
SF:/home/vinod/work/william/will-epoll/v4/event.c
FN:35,set_socket_nonblocking
FN:46,bind_port
FN:77,get_events_string
FN:87,register_event
FN:108,register_read
FN:116,register_write
FN:128,unregister_write
FN:140,unregister_read
FN:163,accept_connection
FN:191,ignore_sigpipe
FN:202,get_monotonic_time
FN:212,validate_packet
FN:226,process_packets
FN:275,read_packets
FN:345,handle_read_event
FN:383,send_data_to_client
FN:418,handle_write_event
FN:474,handle_event
FN:492,do_poll
FNDA:3,set_socket_nonblocking
FNDA:1,bind_port
FNDA:86698,get_events_string
FNDA:13,register_event
FNDA:2,register_read
FNDA:999915,register_write
FNDA:5,unregister_write
FNDA:0,unregister_read
FNDA:2,accept_connection
FNDA:1,ignore_sigpipe
FNDA:86796,get_monotonic_time
FNDA:1000003,validate_packet
FNDA:43384,process_packets
FNDA:43385,read_packets
FNDA:43385,handle_read_event
FNDA:1000000,send_data_to_client
FNDA:43300,handle_write_event
FNDA:86685,handle_event
FNDA:1,do_poll
FNF:19
FNH:18
DA:35,3
DA:39,3
DA:41,3
DA:42,3
DA:46,1
DA:50,1
DA:52,1
DA:53,1
DA:55,1
DA:56,1
DA:57,1
DA:58,1
DA:60,1
DA:61,0
DA:63,0
DA:64,0
DA:67,1
DA:68,0
DA:69,0
DA:70,0
DA:72,1
DA:74,1
DA:77,86698
DA:79,520188
DA:80,173396
DA:81,173396
DA:82,173396
DA:83,86698
DA:87,13
DA:92,13
DA:93,13
DA:94,13
DA:95,13
DA:97,13
DA:99,13
DA:100,0
DA:101,0
DA:103,13
DA:108,2
DA:110,2
DA:111,2
DA:112,2
DA:116,999915
DA:118,999915
DA:119,999915
DA:120,999910
DA:122,5
DA:123,5
DA:124,5
DA:128,5
DA:130,5
DA:131,5
DA:132,0
DA:134,5
DA:135,5
DA:136,5
DA:140,0
DA:144,0
DA:146,0
DA:148,0
DA:154,0
DA:155,0
DA:156,0
DA:158,0
DA:163,2
DA:170,2
DA:171,2
DA:172,2
DA:173,0
DA:174,0
DA:177,2
DA:178,2
DA:179,2
DA:180,2
DA:183,2
DA:184,2
DA:185,2
DA:191,1
DA:195,1
DA:196,1
DA:197,1
DA:198,1
DA:199,1
DA:202,86796
DA:205,86796
DA:206,0
DA:208,86796
DA:212,1000003
DA:215,1000003
DA:217,0
DA:219,1000003
DA:223,1000003
DA:226,43384
DA:230,43384
DA:232,43384
DA:235,1043294
DA:236,1043294
DA:237,2
DA:239,1043292
DA:240,1043292
DA:241,1043292
DA:242,1043292
DA:243,43289
DA:245,1000003
DA:246,0
DA:247,0
DA:250,1000003
DA:252,2
DA:255,1000003
DA:257,1000003
DA:259,1000003
DA:260,93
DA:262,999910
DA:263,999910
DA:264,93
DA:275,43385
DA:277,43385
DA:281,43385
DA:286,43291
DA:288,43289
DA:291,43289
DA:293,43289
DA:294,0
DA:295,0
DA:302,2
DA:306,94
DA:308,2
DA:309,2
DA:311,92
DA:316,43385
DA:317,43385
DA:319,0
DA:321,43385
DA:322,0
DA:324,0
DA:327,0
DA:329,43385
DA:330,43385
DA:332,43385
DA:333,43385
DA:334,1
DA:336,43384
DA:338,43384
DA:342,0
DA:345,43385
DA:347,43385
DA:350,43385
DA:351,43385
DA:353,0
DA:354,0
DA:356,43385
DA:358,43385
DA:359,43385
DA:361,43384
DA:362,43384
DA:363,1
DA:365,0
DA:366,0
DA:367,1
DA:368,1
DA:369,1
DA:370,1
DA:371,0
DA:372,0
DA:373,0
DA:374,0
DA:376,0
DA:377,0
DA:378,0
DA:383,1000000
DA:388,1000000
DA:389,1000000
DA:390,85
DA:391,85
DA:393,999915
DA:395,999915
DA:396,999915
DA:397,50
DA:398,0
DA:399,0
DA:401,50
DA:402,50
DA:403,50
DA:405,999915
DA:407,999915
DA:408,999915
DA:411,999915
DA:415,999915
DA:418,43300
DA:422,43300
DA:423,43300
DA:424,43300
DA:426,0
DA:427,0
DA:430,43300
DA:432,43300
DA:433,43300
DA:434,43300
DA:435,5
DA:436,5
DA:437,5
DA:442,43295
DA:443,43295
DA:445,43295
DA:446,43295
DA:447,43295
DA:452,43295
DA:454,0
DA:458,0
DA:460,0
DA:461,0
DA:463,0
DA:464,0
DA:466,0
DA:467,0
DA:469,0
DA:470,43295
DA:474,86685
DA:477,86685
DA:479,86685
DA:481,86685
DA:482,43385
DA:483,43300
DA:484,43300
DA:487,0
DA:489,86685
DA:492,1
DA:500,1
DA:503,1
DA:504,0
DA:505,0
DA:508,1
DA:509,1
DA:510,0
DA:511,0
DA:515,1
DA:516,0
DA:517,0
DA:520,1
DA:522,43400
DA:523,43398
DA:524,43398
DA:525,43398
DA:526,1
DA:528,43397
DA:529,130084
DA:530,86687
DA:532,2
DA:535,86685
DA:539,43398
DA:541,43398
DA:542,43398
DA:543,43398
DA:544,1
DA:545,1
DA:548,1
LF:256
LH:195
end_of_record
