TN:
SF:/usr/include/c++/5/iostream
DA:74,2
LF:1
LH:1
end_of_record
SF:/home/vinod/work/william/will-epoll/v6/client.cpp
FN:7,_ZN6ClientD2Ev
FN:16,_ZN6Client12read_n_bytesEjRi
FN:51,_ZN6Client11read_headerERi
FN:64,_ZN6Client9read_bodyERi
FN:80,_ZN6Client15validate_packetERi
FN:133,_ZN6Client17reset_read_bufferEv
FN:148,_ZN6Client11read_packetERi
FN:182,_ZN6Client12queue_packetEP6Packet
FN:204,_ZN6Client10write_dataEv
FN:239,_ZN6Client17has_write_pendingEv
FN:244,_Z41__static_initialization_and_destruction_0ii
FN:244,_GLOBAL__sub_I__ZN6ClientD2Ev
FNDA:4,_ZN6ClientD2Ev
FNDA:200009,_ZN6Client12read_n_bytesEjRi
FNDA:100009,_ZN6Client11read_headerERi
FNDA:100007,_ZN6Client9read_bodyERi
FNDA:100007,_ZN6Client15validate_packetERi
FNDA:100007,_ZN6Client17reset_read_bufferEv
FNDA:100009,_ZN6Client11read_packetERi
FNDA:99999,_ZN6Client12queue_packetEP6Packet
FNDA:99998,_ZN6Client10write_dataEv
FNDA:99999,_ZN6Client17has_write_pendingEv
FNDA:2,_GLOBAL__sub_I__ZN6ClientD2Ev
FNDA:2,_Z41__static_initialization_and_destruction_0ii
FNF:12
FNH:12
DA:7,8
DA:9,4
DA:10,4
DA:11,4
DA:13,4
DA:16,200009
DA:19,200009
DA:20,200009
DA:21,1
DA:23,1
DA:24,1
DA:26,200008
DA:27,0
DA:29,0
DA:32,0
DA:34,0
DA:36,200008
DA:37,200008
DA:39,0
DA:40,0
DA:43,200008
DA:44,200008
DA:51,100009
DA:54,100009
DA:55,100009
DA:56,100009
DA:57,100009
DA:64,100007
DA:67,100007
DA:68,100007
DA:69,7
DA:70,7
DA:72,100000
DA:74,100000
DA:75,100000
DA:76,100000
DA:77,100000
DA:80,100007
DA:82,100007
DA:83,100007
DA:85,100007
DA:87,0
DA:88,0
DA:89,0
DA:91,100007
DA:93,5
DA:96,100002
DA:97,1
DA:98,1
DA:99,1
DA:102,100006
DA:106,100006
DA:110,5
DA:111,5
DA:113,5
DA:114,5
DA:118,100000
DA:120,100000
DA:121,100000
DA:124,1
DA:125,1
DA:126,1
DA:130,100000
DA:133,100007
DA:135,100007
DA:136,100007
DA:148,100009
DA:151,100009
DA:153,100009
DA:154,1
DA:156,100008
DA:157,1
DA:158,1
DA:161,100007
DA:162,0
DA:167,100007
DA:168,7
DA:169,7
DA:173,100000
DA:174,100000
DA:175,100000
DA:182,99999
DA:187,99999
DA:188,99999
DA:189,0
DA:190,0
DA:192,99999
DA:193,99999
DA:194,99999
DA:197,99999
DA:204,99998
DA:209,0
DA:210,99998
DA:211,99998
DA:213,99998
DA:214,99998
DA:215,99998
DA:219,99998
DA:222,0
DA:226,0
DA:228,0
DA:229,0
DA:231,0
DA:232,0
DA:236,99998
DA:239,99999
DA:241,99999
DA:242,99998
DA:243,1
DA:244,6
LF:110
LH:91
end_of_record
SF:/home/vinod/work/william/will-epoll/v6/log.hpp
FN:26,_ZN6LoggerC2Ev
FN:32,_ZN6Logger8instanceEv
FNDA:1,_ZN6LoggerC2Ev
FNDA:1300117,_ZN6Logger8instanceEv
FNF:2
FNH:2
DA:26,1
DA:27,1
DA:28,1
DA:32,1300117
DA:34,1300117
DA:35,1
DA:36,1300117
LF:7
LH:7
end_of_record
TN:
SF:/usr/include/c++/5/bits/alloc_traits.h
FN:490,_ZNSt16allocator_traitsISaIcEE8allocateERS0_m
FN:516,_ZNSt16allocator_traitsISaIcEE10deallocateERS0_Pcm
FNDA:7,_ZNSt16allocator_traitsISaIcEE8allocateERS0_m
FNDA:7,_ZNSt16allocator_traitsISaIcEE10deallocateERS0_Pcm
FNF:2
FNH:2
DA:490,7
DA:491,7
DA:516,7
DA:517,7
LF:4
LH:4
end_of_record
SF:/usr/include/c++/5/bits/stl_algobase.h
FN:282,_ZSt12__niter_baseIPcENSt11_Niter_baseIT_E13iterator_typeES2_
FN:719,_ZSt8__fill_aIcEN9__gnu_cxx11__enable_ifIXsrSt9__is_byteIT_E7__valueEvE6__typeEPS3_S7_RKS3_
FN:777,_ZSt10__fill_n_aImcEN9__gnu_cxx11__enable_ifIXsrSt9__is_byteIT0_E7__valueEPS3_E6__typeES5_T_RKS3_
FN:800,_ZSt6fill_nIPcmcET_S1_T0_RKT1_
FNDA:7,_ZSt12__niter_baseIPcENSt11_Niter_baseIT_E13iterator_typeES2_
FNDA:7,_ZSt8__fill_aIcEN9__gnu_cxx11__enable_ifIXsrSt9__is_byteIT_E7__valueEvE6__typeEPS3_S7_RKS3_
FNDA:7,_ZSt10__fill_n_aImcEN9__gnu_cxx11__enable_ifIXsrSt9__is_byteIT0_E7__valueEPS3_E6__typeES5_T_RKS3_
FNDA:7,_ZSt6fill_nIPcmcET_S1_T0_RKT1_
FNF:4
FNH:4
DA:282,7
DA:283,7
DA:719,7
DA:721,7
DA:722,7
DA:723,7
DA:724,7
DA:777,7
DA:779,7
DA:780,7
DA:800,7
DA:805,7
LF:12
LH:12
end_of_record
SF:/usr/include/c++/5/bits/stl_construct.h
FN:112,_ZNSt12_Destroy_auxILb1EE9__destroyIPcEEvT_S3_
FN:122,_ZSt8_DestroyIPcEvT_S1_
FN:148,_ZSt8_DestroyIPccEvT_S1_RSaIT0_E
FNDA:7,_ZNSt12_Destroy_auxILb1EE9__destroyIPcEEvT_S3_
FNDA:7,_ZSt8_DestroyIPcEvT_S1_
FNDA:7,_ZSt8_DestroyIPccEvT_S1_RSaIT0_E
FNF:3
FNH:3
DA:112,7
DA:122,7
DA:126,7
DA:128,7
DA:148,7
DA:151,7
DA:152,7
LF:7
LH:7
end_of_record
SF:/usr/include/c++/5/bits/stl_iterator_base_types.h
FN:215,_ZNSt10_Iter_baseIPcLb0EE7_S_baseES0_
FNDA:7,_ZNSt10_Iter_baseIPcLb0EE7_S_baseES0_
FNF:1
FNH:1
DA:215,7
DA:216,7
LF:2
LH:2
end_of_record
SF:/usr/include/c++/5/bits/stl_uninitialized.h
FN:535,_ZNSt27__uninitialized_default_n_1ILb1EE18__uninit_default_nIPcmEET_S3_T0_
FN:566,_ZSt25__uninitialized_default_nIPcmET_S1_T0_
FN:635,_ZSt27__uninitialized_default_n_aIPcmcET_S1_T0_RSaIT1_E
FNDA:7,_ZNSt27__uninitialized_default_n_1ILb1EE18__uninit_default_nIPcmEET_S3_T0_
FNDA:7,_ZSt25__uninitialized_default_nIPcmET_S1_T0_
FNDA:7,_ZSt27__uninitialized_default_n_aIPcmcET_S1_T0_RSaIT1_E
FNF:3
FNH:3
DA:535,7
DA:540,7
DA:566,7
DA:571,7
DA:575,7
DA:635,7
DA:637,7
LF:7
LH:7
end_of_record
SF:/usr/include/c++/5/bits/stl_vector.h
FN:79,_ZNSt12_Vector_baseIcSaIcEE12_Vector_implD2Ev
FN:90,_ZNSt12_Vector_baseIcSaIcEE12_Vector_implC2ERKS0_
FN:113,_ZNSt12_Vector_baseIcSaIcEE19_M_get_Tp_allocatorEv
FN:134,_ZNSt12_Vector_baseIcSaIcEEC2EmRKS0_
FN:159,_ZNSt12_Vector_baseIcSaIcEED2Ev
FN:167,_ZNSt12_Vector_baseIcSaIcEE11_M_allocateEm
FN:174,_ZNSt12_Vector_baseIcSaIcEE13_M_deallocateEPcm
FN:183,_ZNSt12_Vector_baseIcSaIcEE17_M_create_storageEm
FN:277,_ZNSt6vectorIcSaIcEEC2EmRKS0_
FN:423,_ZNSt6vectorIcSaIcEED2Ev
FN:654,_ZNKSt6vectorIcSaIcEE4sizeEv
FN:890,_ZNSt6vectorIcSaIcEE4dataEv
FN:1308,_ZNSt6vectorIcSaIcEE21_M_default_initializeEm
FN:1483,_ZNKSt6vectorIcSaIcEE11_M_data_ptrIcEEPT_S4_
FNDA:7,_ZNSt12_Vector_baseIcSaIcEE12_Vector_implD2Ev
FNDA:7,_ZNSt12_Vector_baseIcSaIcEE12_Vector_implC2ERKS0_
FNDA:14,_ZNSt12_Vector_baseIcSaIcEE19_M_get_Tp_allocatorEv
FNDA:7,_ZNSt12_Vector_baseIcSaIcEEC2EmRKS0_
FNDA:7,_ZNSt12_Vector_baseIcSaIcEED2Ev
FNDA:7,_ZNSt12_Vector_baseIcSaIcEE11_M_allocateEm
FNDA:7,_ZNSt12_Vector_baseIcSaIcEE13_M_deallocateEPcm
FNDA:7,_ZNSt12_Vector_baseIcSaIcEE17_M_create_storageEm
FNDA:7,_ZNSt6vectorIcSaIcEEC2EmRKS0_
FNDA:7,_ZNSt6vectorIcSaIcEED2Ev
FNDA:7,_ZNKSt6vectorIcSaIcEE4sizeEv
FNDA:14,_ZNSt6vectorIcSaIcEE4dataEv
FNDA:7,_ZNSt6vectorIcSaIcEE21_M_default_initializeEm
FNDA:14,_ZNKSt6vectorIcSaIcEE11_M_data_ptrIcEEPT_S4_
FNF:14
FNH:14
DA:79,7
DA:90,7
DA:91,7
DA:92,7
DA:113,14
DA:114,14
DA:134,7
DA:135,7
DA:136,7
DA:159,7
DA:160,14
DA:161,21
DA:167,7
DA:170,7
DA:174,7
DA:177,7
DA:178,7
DA:179,7
DA:183,7
DA:185,7
DA:186,7
DA:187,7
DA:188,7
DA:277,7
DA:278,7
DA:279,7
DA:423,7
DA:424,7
DA:425,14
DA:654,7
DA:655,7
DA:890,14
DA:891,14
DA:1308,7
DA:1310,7
DA:1311,7
DA:1312,7
DA:1313,7
DA:1483,14
DA:1484,14
LF:40
LH:40
end_of_record
SF:/usr/include/c++/5/ext/new_allocator.h
FN:99,_ZN9__gnu_cxx13new_allocatorIcE8allocateEmPKv
FN:109,_ZN9__gnu_cxx13new_allocatorIcE10deallocateEPcm
FN:113,_ZNK9__gnu_cxx13new_allocatorIcE8max_sizeEv
FNDA:7,_ZN9__gnu_cxx13new_allocatorIcE8allocateEmPKv
FNDA:7,_ZN9__gnu_cxx13new_allocatorIcE10deallocateEPcm
FNDA:7,_ZNK9__gnu_cxx13new_allocatorIcE8max_sizeEv
FNF:3
FNH:3
DA:99,7
DA:101,7
DA:102,0
DA:104,7
DA:109,7
DA:110,7
DA:113,7
DA:114,7
LF:8
LH:7
end_of_record
SF:/usr/include/c++/5/iostream
DA:74,2
LF:1
LH:1
end_of_record
SF:/home/vinod/work/william/will-epoll/v6/log.cpp
FN:13,_ZN6Logger9debug_logEPKcS1_S1_z
FN:27,_Z41__static_initialization_and_destruction_0ii
FN:27,_GLOBAL__sub_I__ZN6Logger10s_instanceE
FNDA:7,_ZN6Logger9debug_logEPKcS1_S1_z
FNDA:2,_GLOBAL__sub_I__ZN6Logger10s_instanceE
FNDA:2,_Z41__static_initialization_and_destruction_0ii
FNF:3
FNH:3
DA:13,7
DA:15,7
DA:17,7
DA:19,7
DA:21,7
DA:22,14
DA:23,7
DA:24,7
DA:25,7
DA:26,7
DA:27,13
LF:11
LH:11
end_of_record
TN:
SF:/home/vinod/work/william/will-epoll/v6/packet.cpp
FN:5,_ZN6PacketC2EP7_packet
FN:16,_ZN6PacketD2Ev
FN:23,_ZN6Packet9to_stringEv
FN:28,_ZN6Packet21get_serialized_lengthEv
FN:33,_ZN6Packet9serializeEPh
FNDA:100000,_ZN6PacketC2EP7_packet
FNDA:100000,_ZN6PacketD2Ev
FNDA:0,_ZN6Packet9to_stringEv
FNDA:199998,_ZN6Packet21get_serialized_lengthEv
FNDA:99999,_ZN6Packet9serializeEPh
FNF:5
FNH:4
DA:5,100000
DA:7,100000
DA:8,100000
DA:9,100000
DA:10,100000
DA:11,100000
DA:12,100000
DA:13,100000
DA:14,100000
DA:16,200000
DA:18,100000
DA:19,100000
DA:21,100000
DA:23,0
DA:25,0
DA:28,199998
DA:30,199998
DA:33,99999
DA:35,99999
DA:36,99999
DA:37,99999
DA:38,99999
DA:39,99999
DA:40,99999
LF:24
LH:22
end_of_record
TN:
SF:/usr/include/c++/5/iostream
DA:74,2
LF:1
LH:1
end_of_record
SF:/home/vinod/work/william/will-epoll/v6/event.cpp
FN:6,_ZN5Event10initializeEv
FN:16,_ZN5Event14register_eventEiijPv
FN:47,_ZN5Event17get_events_stringEPcij
FN:59,_ZN5Event22set_socket_nonblockingEi
FN:67,_Z41__static_initialization_and_destruction_0ii
FN:67,_GLOBAL__sub_I__ZN5Event10initializeEv
FNDA:1,_ZN5Event10initializeEv
FNDA:8,_ZN5Event14register_eventEiijPv
FNDA:0,_ZN5Event17get_events_stringEPcij
FNDA:6,_ZN5Event22set_socket_nonblockingEi
FNDA:2,_GLOBAL__sub_I__ZN5Event10initializeEv
FNDA:2,_Z41__static_initialization_and_destruction_0ii
FNF:6
FNH:5
DA:6,1
DA:9,1
DA:10,0
DA:11,0
DA:13,1
DA:16,8
DA:22,8
DA:23,8
DA:24,8
DA:25,8
DA:27,8
DA:28,6
DA:29,2
DA:30,2
DA:31,0
DA:32,0
DA:34,0
DA:37,8
DA:40,8
DA:41,0
DA:42,0
DA:44,8
DA:47,0
DA:49,0
DA:50,0
DA:51,0
DA:52,0
DA:53,0
DA:59,6
DA:63,6
DA:65,6
DA:66,6
DA:67,6
LF:33
LH:20
end_of_record
SF:/home/vinod/work/william/will-epoll/v6/log.hpp
FN:26,_ZN6LoggerC2Ev
FN:32,_ZN6Logger8instanceEv
FNDA:0,_ZN6LoggerC2Ev
FNDA:0,_ZN6Logger8instanceEv
FNF:2
FNH:0
DA:26,0
DA:27,0
DA:28,0
DA:32,0
DA:34,0
DA:35,0
DA:36,0
LF:7
LH:0
end_of_record
TN:
SF:/usr/include/c++/5/bits/allocator.h
FN:121,_ZNSaISt10_List_nodeIP6ClientEED2Ev
FNDA:0,_ZNSaISt10_List_nodeIP6ClientEED2Ev
FNF:1
FNH:0
DA:121,0
LF:1
LH:0
end_of_record
SF:/usr/include/c++/5/bits/list.tcc
FN:65,_ZNSt7__cxx1110_List_baseIP6ClientSaIS2_EE8_M_clearEv
FNDA:100010,_ZNSt7__cxx1110_List_baseIP6ClientSaIS2_EE8_M_clearEv
FNF:1
FNH:1
DA:65,100010
DA:69,100010
DA:70,100018
DA:72,4
DA:73,4
DA:75,4
DA:79,4
DA:81,100010
LF:8
LH:8
end_of_record
SF:/usr/include/c++/5/bits/move.h
FN:76,_ZSt7forwardIRKP6ClientEOT_RNSt16remove_referenceIS4_E4typeE
FNDA:16,_ZSt7forwardIRKP6ClientEOT_RNSt16remove_referenceIS4_E4typeE
FNF:1
FNH:1
DA:76,16
DA:77,16
LF:2
LH:2
end_of_record
SF:/usr/include/c++/5/bits/stl_list.h
FN:113,_ZNSt10_List_nodeIP6ClientEC2IJRKS1_EEEDpOT_
FN:140,_ZNSt14_List_iteratorIP6ClientEC2EPNSt8__detail15_List_node_baseE
FN:149,_ZNKSt14_List_iteratorIP6ClientEdeEv
FN:157,_ZNSt14_List_iteratorIP6ClientEppEv
FN:191,_ZNKSt14_List_iteratorIP6ClientEneERKS2_
FN:332,_ZNSt7__cxx1110_List_baseIP6ClientSaIS2_EE10_List_implD2Ev
FN:361,_ZNSt7__cxx1110_List_baseIP6ClientSaIS2_EE11_M_set_sizeEm
FN:363,_ZNSt7__cxx1110_List_baseIP6ClientSaIS2_EE11_M_inc_sizeEm
FN:391,_ZNSt7__cxx1110_List_baseIP6ClientSaIS2_EE11_M_get_nodeEv
FN:395,_ZNSt7__cxx1110_List_baseIP6ClientSaIS2_EE11_M_put_nodeEPSt10_List_nodeIS2_E
FN:402,_ZNSt7__cxx1110_List_baseIP6ClientSaIS2_EE21_M_get_Node_allocatorEv
FN:445,_ZNSt7__cxx1110_List_baseIP6ClientSaIS2_EED2Ev
FN:452,_ZNSt7__cxx1110_List_baseIP6ClientSaIS2_EE7_M_initEv
FN:507,_ZNSt7__cxx114listIP6ClientSaIS2_EED2Ev
FN:569,_ZNSt7__cxx114listIP6ClientSaIS2_EE14_M_create_nodeIJRKS2_EEEPSt10_List_nodeIS2_EDpOT_
FN:831,_ZNSt7__cxx114listIP6ClientSaIS2_EE5beginEv
FN:849,_ZNSt7__cxx114listIP6ClientSaIS2_EE3endEv
FN:1047,_ZNSt7__cxx114listIP6ClientSaIS2_EE10push_frontERKS2_
FN:1366,_ZNSt7__cxx114listIP6ClientSaIS2_EE5clearEv
FN:1761,_ZNSt7__cxx114listIP6ClientSaIS2_EE9_M_insertIJRKS2_EEEvSt14_List_iteratorIS2_EDpOT_
FNDA:4,_ZNSt10_List_nodeIP6ClientEC2IJRKS1_EEEDpOT_
FNDA:200024,_ZNSt14_List_iteratorIP6ClientEC2EPNSt8__detail15_List_node_baseE
FNDA:4,_ZNKSt14_List_iteratorIP6ClientEdeEv
FNDA:4,_ZNSt14_List_iteratorIP6ClientEppEv
FNDA:100014,_ZNKSt14_List_iteratorIP6ClientEneERKS2_
FNDA:0,_ZNSt7__cxx1110_List_baseIP6ClientSaIS2_EE10_List_implD2Ev
FNDA:100011,_ZNSt7__cxx1110_List_baseIP6ClientSaIS2_EE11_M_set_sizeEm
FNDA:4,_ZNSt7__cxx1110_List_baseIP6ClientSaIS2_EE11_M_inc_sizeEm
FNDA:4,_ZNSt7__cxx1110_List_baseIP6ClientSaIS2_EE11_M_get_nodeEv
FNDA:4,_ZNSt7__cxx1110_List_baseIP6ClientSaIS2_EE11_M_put_nodeEPSt10_List_nodeIS2_E
FNDA:8,_ZNSt7__cxx1110_List_baseIP6ClientSaIS2_EE21_M_get_Node_allocatorEv
FNDA:0,_ZNSt7__cxx1110_List_baseIP6ClientSaIS2_EED2Ev
FNDA:100011,_ZNSt7__cxx1110_List_baseIP6ClientSaIS2_EE7_M_initEv
FNDA:0,_ZNSt7__cxx114listIP6ClientSaIS2_EED2Ev
FNDA:4,_ZNSt7__cxx114listIP6ClientSaIS2_EE14_M_create_nodeIJRKS2_EEEPSt10_List_nodeIS2_EDpOT_
FNDA:100014,_ZNSt7__cxx114listIP6ClientSaIS2_EE5beginEv
FNDA:100010,_ZNSt7__cxx114listIP6ClientSaIS2_EE3endEv
FNDA:4,_ZNSt7__cxx114listIP6ClientSaIS2_EE10push_frontERKS2_
FNDA:100010,_ZNSt7__cxx114listIP6ClientSaIS2_EE5clearEv
FNDA:4,_ZNSt7__cxx114listIP6ClientSaIS2_EE9_M_insertIJRKS2_EEEvSt14_List_iteratorIS2_EDpOT_
FNF:20
FNH:17
DA:113,4
DA:114,4
DA:115,4
DA:140,200024
DA:141,200024
DA:149,4
DA:150,4
DA:157,4
DA:159,4
DA:160,4
DA:191,100014
DA:192,100014
DA:332,0
DA:361,100011
DA:363,4
DA:391,4
DA:392,4
DA:395,4
DA:396,4
DA:402,8
DA:403,8
DA:445,0
DA:446,0
DA:452,100011
DA:454,100011
DA:455,100011
DA:456,100011
DA:457,100011
DA:507,0
DA:569,4
DA:571,4
DA:574,4
DA:575,4
DA:577,0
DA:579,0
DA:580,0
DA:582,4
DA:831,100014
DA:832,100014
DA:849,100010
DA:850,100010
DA:1047,4
DA:1048,4
DA:1366,100010
DA:1368,100010
DA:1369,100010
DA:1370,100010
DA:1761,4
DA:1763,4
DA:1764,4
DA:1765,4
DA:1766,4
LF:52
LH:45
end_of_record
SF:/usr/include/c++/5/ext/new_allocator.h
FN:86,_ZN9__gnu_cxx13new_allocatorISt10_List_nodeIP6ClientEED2Ev
FN:99,_ZN9__gnu_cxx13new_allocatorISt10_List_nodeIP6ClientEE8allocateEmPKv
FN:109,_ZN9__gnu_cxx13new_allocatorISt10_List_nodeIP6ClientEE10deallocateEPS4_m
FN:113,_ZNK9__gnu_cxx13new_allocatorISt10_List_nodeIP6ClientEE8max_sizeEv
FN:119,_ZN9__gnu_cxx13new_allocatorISt10_List_nodeIP6ClientEE9constructIS4_JRKS3_EEEvPT_DpOT0_
FN:124,_ZN9__gnu_cxx13new_allocatorISt10_List_nodeIP6ClientEE7destroyIS4_EEvPT_
FNDA:0,_ZN9__gnu_cxx13new_allocatorISt10_List_nodeIP6ClientEED2Ev
FNDA:4,_ZN9__gnu_cxx13new_allocatorISt10_List_nodeIP6ClientEE8allocateEmPKv
FNDA:4,_ZN9__gnu_cxx13new_allocatorISt10_List_nodeIP6ClientEE10deallocateEPS4_m
FNDA:4,_ZNK9__gnu_cxx13new_allocatorISt10_List_nodeIP6ClientEE8max_sizeEv
FNDA:4,_ZN9__gnu_cxx13new_allocatorISt10_List_nodeIP6ClientEE9constructIS4_JRKS3_EEEvPT_DpOT0_
FNDA:4,_ZN9__gnu_cxx13new_allocatorISt10_List_nodeIP6ClientEE7destroyIS4_EEvPT_
FNF:6
FNH:5
DA:86,0
DA:99,4
DA:101,4
DA:102,0
DA:104,4
DA:109,4
DA:110,4
DA:113,4
DA:114,4
DA:119,4
DA:120,4
DA:124,4
LF:12
LH:10
end_of_record
SF:/usr/include/c++/5/iostream
DA:74,2
LF:1
LH:1
end_of_record
SF:/usr/include/c++/5/new
FN:129,_ZnwmPv
FNDA:4,_ZnwmPv
FNF:1
FNH:1
DA:129,4
DA:130,4
LF:2
LH:2
end_of_record
SF:/home/vinod/work/william/will-epoll/v6/cmgr.cpp
FN:5,_ZN9ClientMgrD2Ev
FN:18,_ZN9ClientMgr22mark_client_as_invalidEP6Client
FN:36,_ZN9ClientMgr20free_invalid_clientsEv
FN:44,_ZN9ClientMgr6manageEP6Client
FN:57,_ZN9ClientMgr17find_client_by_idEt
FN:60,_GLOBAL__sub_I__ZN9ClientMgrD2Ev
FN:60,_Z41__static_initialization_and_destruction_0ii
FNDA:0,_ZN9ClientMgrD2Ev
FNDA:9,_ZN9ClientMgr22mark_client_as_invalidEP6Client
FNDA:100010,_ZN9ClientMgr20free_invalid_clientsEv
FNDA:100005,_ZN9ClientMgr6manageEP6Client
FNDA:100000,_ZN9ClientMgr17find_client_by_idEt
FNDA:2,_GLOBAL__sub_I__ZN9ClientMgrD2Ev
FNDA:2,_Z41__static_initialization_and_destruction_0ii
FNF:7
FNH:6
DA:5,0
DA:9,0
DA:10,0
DA:11,0
DA:12,0
DA:15,0
DA:16,0
DA:18,9
DA:21,9
DA:22,5
DA:24,4
DA:25,4
DA:26,4
DA:28,4
DA:29,4
DA:32,4
DA:36,100010
DA:38,100014
DA:39,4
DA:41,100010
DA:42,100010
DA:44,100005
DA:46,100005
DA:47,100000
DA:49,5
DA:50,5
DA:52,5
DA:53,5
DA:54,5
DA:57,100000
DA:59,100000
DA:60,6
LF:32
LH:25
end_of_record
SF:/home/vinod/work/william/will-epoll/v6/log.hpp
FN:26,_ZN6LoggerC2Ev
FN:32,_ZN6Logger8instanceEv
FNDA:0,_ZN6LoggerC2Ev
FNDA:0,_ZN6Logger8instanceEv
FNF:2
FNH:0
DA:26,0
DA:27,0
DA:28,0
DA:32,0
DA:34,0
DA:35,0
DA:36,0
LF:7
LH:0
end_of_record
TN:
SF:/usr/include/c++/5/iostream
DA:74,2
LF:1
LH:1
end_of_record
SF:/home/vinod/work/william/will-epoll/v6/client.hpp
FN:40,_ZN6ClientC2Ei
FNDA:5,_ZN6ClientC2Ei
FNF:1
FNH:1
DA:40,5
DA:44,5
DA:45,5
LF:3
LH:3
end_of_record
SF:/home/vinod/work/william/will-epoll/v6/log.hpp
FN:26,_ZN6LoggerC2Ev
FN:32,_ZN6Logger8instanceEv
FNDA:0,_ZN6LoggerC2Ev
FNDA:0,_ZN6Logger8instanceEv
FNF:2
FNH:0
DA:26,0
DA:27,0
DA:28,0
DA:32,0
DA:34,0
DA:35,0
DA:36,0
LF:7
LH:0
end_of_record
SF:/home/vinod/work/william/will-epoll/v6/tcp_server.cpp
FN:14,_ZN9TCPServer9bind_portEv
FN:45,_ZN9TCPServer13register_readEP6Client
FN:52,_ZN9TCPServer14register_writeEP6Client
FN:63,_ZN9TCPServer16unregister_writeEP6Client
FN:74,_ZN9TCPServer15unregister_readEP6Client
FN:84,_ZN9TCPServer17accept_connectionEv
FN:110,_ZN9TCPServer14ignore_sigpipeEv
FN:120,_ZN9TCPServer18get_monotonic_timeEv
FN:129,_ZN9TCPServer17handle_read_eventEPv
FN:181,_ZN9TCPServer19send_data_to_clientEP6Packet
FN:193,_ZN9TCPServer18handle_write_eventEPv
FN:221,_ZN9TCPServer12handle_eventEPK11epoll_event
FN:238,_ZN9TCPServer10initializeEv
FN:259,_ZN9TCPServer7do_pollEv
FN:294,_Z41__static_initialization_and_destruction_0ii
FN:294,_GLOBAL__sub_I__ZN9TCPServer9bind_portEv
FNDA:1,_ZN9TCPServer9bind_portEv
FNDA:5,_ZN9TCPServer13register_readEP6Client
FNDA:99999,_ZN9TCPServer14register_writeEP6Client
FNDA:1,_ZN9TCPServer16unregister_writeEP6Client
FNDA:0,_ZN9TCPServer15unregister_readEP6Client
FNDA:5,_ZN9TCPServer17accept_connectionEv
FNDA:1,_ZN9TCPServer14ignore_sigpipeEv
FNDA:200020,_ZN9TCPServer18get_monotonic_timeEv
FNDA:100009,_ZN9TCPServer17handle_read_eventEPv
FNDA:100000,_ZN9TCPServer19send_data_to_clientEP6Packet
FNDA:99999,_ZN9TCPServer18handle_write_eventEPv
FNDA:200008,_ZN9TCPServer12handle_eventEPK11epoll_event
FNDA:1,_ZN9TCPServer10initializeEv
FNDA:1,_ZN9TCPServer7do_pollEv
FNDA:2,_GLOBAL__sub_I__ZN9TCPServer9bind_portEv
FNDA:2,_Z41__static_initialization_and_destruction_0ii
FNF:16
FNH:15
DA:14,1
DA:18,1
DA:20,1
DA:21,1
DA:23,1
DA:24,1
DA:25,1
DA:26,1
DA:28,1
DA:29,0
DA:31,0
DA:32,0
DA:35,1
DA:36,0
DA:37,0
DA:38,0
DA:40,1
DA:41,1
DA:42,1
DA:45,5
DA:47,5
DA:48,5
DA:49,5
DA:52,99999
DA:54,99999
DA:55,99999
DA:56,99998
DA:58,1
DA:59,1
DA:60,1
DA:63,1
DA:65,1
DA:66,1
DA:67,0
DA:69,1
DA:70,1
DA:71,1
DA:74,0
DA:76,0
DA:78,0
DA:80,0
DA:84,5
DA:91,5
DA:92,5
DA:93,5
DA:94,0
DA:95,0
DA:98,5
DA:99,5
DA:100,5
DA:101,5
DA:104,5
DA:105,5
DA:106,5
DA:110,1
DA:114,1
DA:115,1
DA:116,1
DA:117,1
DA:118,1
DA:120,200020
DA:123,200020
DA:124,0
DA:126,200020
DA:129,100009
DA:131,100009
DA:135,100009
DA:136,100009
DA:138,0
DA:139,0
DA:141,100009
DA:143,100009
DA:144,100009
DA:145,100000
DA:150,100000
DA:151,100000
DA:152,9
DA:156,5
DA:157,5
DA:158,5
DA:160,4
DA:162,0
DA:163,0
DA:164,4
DA:165,1
DA:166,1
DA:167,3
DA:168,2
DA:169,2
DA:170,1
DA:171,1
DA:172,1
DA:174,0
DA:175,0
DA:177,4
DA:181,100000
DA:184,100000
DA:185,100000
DA:186,1
DA:187,1
DA:189,99999
DA:190,99999
DA:193,99999
DA:195,99999
DA:196,99999
DA:197,99999
DA:199,0
DA:200,0
DA:203,99999
DA:205,99999
DA:206,1
DA:207,1
DA:208,1
DA:211,99998
DA:213,0
DA:214,0
DA:217,99998
DA:221,200008
DA:224,200008
DA:226,200008
DA:228,200008
DA:229,100009
DA:230,99999
DA:231,99999
DA:234,0
DA:236,200008
DA:238,1
DA:240,1
DA:242,1
DA:243,0
DA:246,1
DA:247,0
DA:248,0
DA:252,1
DA:253,0
DA:254,0
DA:256,1
DA:259,1
DA:266,1
DA:268,200021
DA:269,100010
DA:270,100010
DA:271,100010
DA:272,1
DA:274,100009
DA:275,300022
DA:276,200013
DA:278,5
DA:281,200008
DA:285,100010
DA:287,100010
DA:288,100010
DA:289,100010
DA:290,0
DA:291,0
DA:294,7
LF:156
LH:124
end_of_record
TN:
SF:/usr/include/c++/5/bits/allocator.h
FN:113,_ZNSaISt10_List_nodeIP6ClientEEC2Ev
FNDA:1,_ZNSaISt10_List_nodeIP6ClientEEC2Ev
FNF:1
FNH:1
DA:113,1
LF:1
LH:1
end_of_record
SF:/usr/include/c++/5/bits/stl_list.h
FN:113,_ZNSt10_List_nodeImEC2IJEEEDpOT_
FN:341,_ZNSt7__cxx1110_List_baseIP6ClientSaIS2_EE10_List_implC2Ev
FN:361,_ZNSt7__cxx1110_List_baseIP6ClientSaIS2_EE11_M_set_sizeEm
FN:417,_ZNSt7__cxx1110_List_baseIP6ClientSaIS2_EEC2Ev
FN:452,_ZNSt7__cxx1110_List_baseIP6ClientSaIS2_EE7_M_initEv
FN:593,_ZNSt7__cxx114listIP6ClientSaIS2_EEC2Ev
FNDA:1,_ZNSt10_List_nodeImEC2IJEEEDpOT_
FNDA:1,_ZNSt7__cxx1110_List_baseIP6ClientSaIS2_EE10_List_implC2Ev
FNDA:0,_ZNSt7__cxx1110_List_baseIP6ClientSaIS2_EE11_M_set_sizeEm
FNDA:1,_ZNSt7__cxx1110_List_baseIP6ClientSaIS2_EEC2Ev
FNDA:0,_ZNSt7__cxx1110_List_baseIP6ClientSaIS2_EE7_M_initEv
FNDA:1,_ZNSt7__cxx114listIP6ClientSaIS2_EEC2Ev
FNF:6
FNH:4
DA:113,1
DA:114,1
DA:115,1
DA:341,1
DA:342,1
DA:343,1
DA:361,0
DA:417,1
DA:418,1
DA:419,1
DA:452,0
DA:454,0
DA:455,0
DA:456,0
DA:457,0
DA:593,1
DA:597,1
LF:17
LH:11
end_of_record
SF:/usr/include/c++/5/ext/new_allocator.h
FN:79,_ZN9__gnu_cxx13new_allocatorISt10_List_nodeIP6ClientEEC2Ev
FNDA:1,_ZN9__gnu_cxx13new_allocatorISt10_List_nodeIP6ClientEEC2Ev
FNF:1
FNH:1
DA:79,1
LF:1
LH:1
end_of_record
SF:/usr/include/c++/5/iostream
DA:74,2
LF:1
LH:1
end_of_record
SF:/home/vinod/work/william/will-epoll/v6/cmgr.hpp
FN:21,_ZN9ClientMgrC2Ev
FNDA:1,_ZN9ClientMgrC2Ev
FNF:1
FNH:1
DA:21,1
LF:1
LH:1
end_of_record
SF:/home/vinod/work/william/will-epoll/v6/event.hpp
FN:25,_ZN5EventC2Ev
FNDA:1,_ZN5EventC2Ev
FNF:1
FNH:1
DA:25,1
DA:26,1
LF:2
LH:2
end_of_record
SF:/home/vinod/work/william/will-epoll/v6/log.hpp
FN:26,_ZN6LoggerC2Ev
FN:32,_ZN6Logger8instanceEv
FNDA:0,_ZN6LoggerC2Ev
FNDA:0,_ZN6Logger8instanceEv
FNF:2
FNH:0
DA:26,0
DA:27,0
DA:28,0
DA:32,0
DA:34,0
DA:35,0
DA:36,0
LF:7
LH:0
end_of_record
SF:/home/vinod/work/william/will-epoll/v6/server.cpp
FN:20,_ZN8MyServerC2Eii
FN:24,_ZN8MyServer11ask_to_quitEv
FN:29,_ZN8MyServer13should_i_quitEv
FN:34,_ZN8MyServer10on_connectEP6Client
FN:39,_ZN8MyServer7on_authEP6Client
FN:44,_ZN8MyServer13on_disconnectEP6Client
FN:49,_ZN8MyServer16on_data_receivedEP6ClientP6Packet
FN:69,_ZN8MyServer8on_errorEP6Clienti
FN:74,_ZN8MyServer13house_keepingEv
FN:79,_ZN8MyServer3runEv
FN:96,_ZL14signal_handleri
FN:102,_ZL5usagePKc
FN:108,main
FN:135,_GLOBAL__sub_I_server
FN:135,_Z41__static_initialization_and_destruction_0ii
FNDA:1,_ZN8MyServerC2Eii
FNDA:1,_ZN8MyServer11ask_to_quitEv
FNDA:100011,_ZN8MyServer13should_i_quitEv
FNDA:5,_ZN8MyServer10on_connectEP6Client
FNDA:5,_ZN8MyServer7on_authEP6Client
FNDA:1,_ZN8MyServer13on_disconnectEP6Client
FNDA:100000,_ZN8MyServer16on_data_receivedEP6ClientP6Packet
FNDA:3,_ZN8MyServer8on_errorEP6Clienti
FNDA:0,_ZN8MyServer13house_keepingEv
FNDA:1,_ZN8MyServer3runEv
FNDA:1,_ZL14signal_handleri
FNDA:1,_ZL5usagePKc
FNDA:2,main
FNDA:2,_GLOBAL__sub_I_server
FNDA:2,_Z41__static_initialization_and_destruction_0ii
FNF:15
FNH:14
DA:20,1
DA:21,1
DA:22,1
DA:24,1
DA:26,1
DA:27,1
DA:29,100011
DA:31,100011
DA:34,5
DA:36,5
DA:37,5
DA:39,5
DA:41,5
DA:42,5
DA:44,1
DA:46,1
DA:47,1
DA:49,100000
DA:52,100000
DA:55,0
DA:56,0
DA:60,100000
DA:61,100000
DA:64,0
DA:65,0
DA:67,100000
DA:69,3
DA:71,3
DA:72,3
DA:74,0
DA:76,0
DA:77,0
DA:79,1
DA:81,1
DA:82,1
DA:83,0
DA:84,0
DA:86,1
DA:87,1
DA:88,1
DA:89,1
DA:96,1
DA:99,1
DA:100,1
DA:102,1
DA:104,1
DA:105,1
DA:108,2
DA:112,2
DA:113,2
DA:114,2
DA:116,6
DA:117,3
DA:119,1
DA:120,1
DA:122,1
DA:123,1
DA:126,1
DA:130,1
DA:131,1
DA:132,1
DA:133,1
DA:134,1
DA:135,6
LF:64
LH:55
end_of_record
SF:/home/vinod/work/william/will-epoll/v6/tcp_server.hpp
FN:32,_ZN9TCPServerC2Eii
FNDA:1,_ZN9TCPServerC2Eii
FNF:1
FNH:1
DA:32,1
DA:33,1
LF:2
LH:2
end_of_record
